


ARM Macro Assembler    Page 1 


    1 00000000                 PRESERVE8
    2 00000000                 THUMB
    3 00000000         
    4 00000000 00000100 
                       Stack   EQU              0x00000100
    5 00000000         
    6 00000000                 AREA             STACK, NOINIT, READWRITE, ALIGN
=3
    7 00000000         StackMem
                               SPACE            Stack
    8 00000100         
    9 00000100                 AREA             RESET, DATA, READONLY
   10 00000000                 EXPORT           __Vectors
   11 00000000         
   12 00000000         __Vectors
   13 00000000 00000100        DCD              StackMem + Stack
   14 00000004 00000000        DCD              Reset_Handler
   15 00000008         
   16 00000008         
   17 00000008                 AREA             RawData, DATA, READONLY
   18 00000000 0000000A 
              00000014 
              0000001E 
              00000028 X       DCD              10, 20, 30, 40
   19 00000010         
   20 00000010                 AREA             ProcessedData, DATA, READWRITE
   21 00000000 00000000 
              00000000 
              00000000 
              00000000 Y       DCD              0, 0, 0, 0
   22 00000010         
   23 00000010                 AREA             |.text|, CODE, READONLY, ALIGN=
2
   24 00000000                 ENTRY
   25 00000000                 EXPORT           Reset_Handler
   26 00000000         
   27 00000000         Reset_Handler
   28 00000000         
   29 00000000 4909            LDR              R1, =X
   30 00000002 4A0A            LDR              R2, =Y
   31 00000004 F04F 0304       MOV              R3, #4
   32 00000008         
   33 00000008         lbegin
   34 00000008 B163            CBZ              R3, lend
   35 0000000A         
   36 0000000A 680C            LDR              R4, [R1]
   37 0000000C 6815            LDR              R5, [R2]
   38 0000000E 4424            ADD              R4, R4
   39 00000010 F104 050F       ADD              R5, R4, #15
   40 00000014         
   41 00000014 6015            STR              R5, [R2]
   42 00000016         
   43 00000016 F101 0104       ADD              R1, #4
   44 0000001A F102 0204       ADD              R2, #4
   45 0000001E F1A3 0301       SUB              R3, #1
   46 00000022         
   47 00000022 E7F1            B                lbegin
   48 00000024         lend
   49 00000024         



ARM Macro Assembler    Page 2 


   50 00000024         STOP
   51 00000024 E7FE            B                STOP
   52 00000026                 END
              00 00 00000000 
              00000000 
Command Line: --debug --xref --cpu=Cortex-M4.fp --apcs=interwork --depend=.\que
stion3.d -o.\question3.o -I"C:\Program Files\Keil\ARM\RV31\INC" -I"C:\Program F
iles\Keil\ARM\CMSIS\Include" -I"C:\Program Files\Keil\ARM\Inc\TI\TM4C123" --pre
define="__EVAL SETA 1" --list=.\question3.lst question3.s



ARM Macro Assembler    Page 1 Alphabetic symbol ordering
Relocatable symbols

STACK 00000000

Symbol: STACK
   Definitions
      At line 6 in file question3.s
   Uses
      None
Comment: STACK unused
StackMem 00000000

Symbol: StackMem
   Definitions
      At line 7 in file question3.s
   Uses
      At line 13 in file question3.s
Comment: StackMem used once
2 symbols



ARM Macro Assembler    Page 1 Alphabetic symbol ordering
Relocatable symbols

RESET 00000000

Symbol: RESET
   Definitions
      At line 9 in file question3.s
   Uses
      None
Comment: RESET unused
__Vectors 00000000

Symbol: __Vectors
   Definitions
      At line 12 in file question3.s
   Uses
      At line 10 in file question3.s
Comment: __Vectors used once
2 symbols



ARM Macro Assembler    Page 1 Alphabetic symbol ordering
Relocatable symbols

RawData 00000000

Symbol: RawData
   Definitions
      At line 17 in file question3.s
   Uses
      None
Comment: RawData unused
X 00000000

Symbol: X
   Definitions
      At line 18 in file question3.s
   Uses
      At line 29 in file question3.s
Comment: X used once
2 symbols



ARM Macro Assembler    Page 1 Alphabetic symbol ordering
Relocatable symbols

ProcessedData 00000000

Symbol: ProcessedData
   Definitions
      At line 20 in file question3.s
   Uses
      None
Comment: ProcessedData unused
Y 00000000

Symbol: Y
   Definitions
      At line 21 in file question3.s
   Uses
      At line 30 in file question3.s
Comment: Y used once
2 symbols



ARM Macro Assembler    Page 1 Alphabetic symbol ordering
Relocatable symbols

.text 00000000

Symbol: .text
   Definitions
      At line 23 in file question3.s
   Uses
      None
Comment: .text unused
Reset_Handler 00000000

Symbol: Reset_Handler
   Definitions
      At line 27 in file question3.s
   Uses
      At line 14 in file question3.s
      At line 25 in file question3.s

STOP 00000024

Symbol: STOP
   Definitions
      At line 50 in file question3.s
   Uses
      At line 51 in file question3.s
Comment: STOP used once
lbegin 00000008

Symbol: lbegin
   Definitions
      At line 33 in file question3.s
   Uses
      At line 47 in file question3.s
Comment: lbegin used once
lend 00000024

Symbol: lend
   Definitions
      At line 48 in file question3.s
   Uses
      At line 34 in file question3.s
Comment: lend used once
5 symbols



ARM Macro Assembler    Page 1 Alphabetic symbol ordering
Absolute symbols

Stack 00000100

Symbol: Stack
   Definitions
      At line 4 in file question3.s
   Uses
      At line 7 in file question3.s
      At line 13 in file question3.s

1 symbol
348 symbols in table
