


ARM Macro Assembler    Page 1 


    1 00000000                 PRESERVE8
    2 00000000                 THUMB
    3 00000000         
    4 00000000                 AREA             myDATA, DATA, READWRITE
    5 00000000         
    6 00000000 00000000 
                       Result  DCD              0
    7 00000004         
    8 00000004                 AREA             |.text|, CODE, READONLY, ALIGN=
2
    9 00000000         
   10 00000000                 ENTRY
   11 00000000         
   12 00000000                 EXPORT           __main
   13 00000000         
   14 00000000         __main
   15 00000000         
   16 00000000 480D            LDR              R0, =Value
   17 00000002         
   18 00000002 F7FF FFFE       BL               ISPRIME
   19 00000006         
   20 00000006 E015            B                STOP
   21 00000008         
   22 00000008         ISPRIME PROC
   23 00000008         
   24 00000008 6807            LDR              R7, [R0]
   25 0000000A EA4F 0157       LSR              R1, R7, #1
   26 0000000E         
   27 0000000E F04F 0202       MOV              R2, #2
   28 00000012         
   29 00000012         lbegin
   30 00000012 EBA1 0302       SUB              R3, R1, R2
   31 00000016 B13B            CBZ              R3, lend
   32 00000018         
   33 00000018 FB97 F4F2       SDIV             R4, R7, R2
   34 0000001C FB04 7512       MLS              R5, R4, R2, R7
   35 00000020         
   36 00000020 B12D            CBZ              R5, mbegin
   37 00000022         
   38 00000022 F102 0201       ADD              R2, #1
   39 00000026 E7F4            B                lbegin
   40 00000028         
   41 00000028         lend
   42 00000028 F04F 0601       MOV              R6, #1
   43 0000002C         
   44 0000002C         mend
   45 0000002C         
   46 0000002C 4770            BX               LR
   47 0000002E                 ENDP
   48 0000002E         
   49 0000002E         mbegin
   50 0000002E F04F 0600       MOV              R6, #0
   51 00000032 E7FB            B                mend
   52 00000034         
   53 00000034         STOP
   54 00000034         
   55 00000034 0000000D 
                       Value   DCD              13
   56 00000038         



ARM Macro Assembler    Page 2 


   57 00000038                 END
              00000000 
Command Line: --debug --xref --cpu=Cortex-M4.fp --apcs=interwork --depend=.\tas
k5.d -o.\task5.o -I"C:\Program Files\Keil\ARM\RV31\INC" -I"C:\Program Files\Kei
l\ARM\CMSIS\Include" -I"C:\Program Files\Keil\ARM\Inc\TI\TM4C123" --predefine="
__EVAL SETA 1" --list=.\task5.lst Task5.s



ARM Macro Assembler    Page 1 Alphabetic symbol ordering
Relocatable symbols

Result 00000000

Symbol: Result
   Definitions
      At line 6 in file Task5.s
   Uses
      None
Comment: Result unused
myDATA 00000000

Symbol: myDATA
   Definitions
      At line 4 in file Task5.s
   Uses
      None
Comment: myDATA unused
2 symbols



ARM Macro Assembler    Page 1 Alphabetic symbol ordering
Relocatable symbols

.text 00000000

Symbol: .text
   Definitions
      At line 8 in file Task5.s
   Uses
      None
Comment: .text unused
ISPRIME 00000008

Symbol: ISPRIME
   Definitions
      At line 22 in file Task5.s
   Uses
      At line 18 in file Task5.s
Comment: ISPRIME used once
STOP 00000034

Symbol: STOP
   Definitions
      At line 53 in file Task5.s
   Uses
      At line 20 in file Task5.s
Comment: STOP used once
Value 00000034

Symbol: Value
   Definitions
      At line 55 in file Task5.s
   Uses
      At line 16 in file Task5.s
Comment: Value used once
__main 00000000

Symbol: __main
   Definitions
      At line 14 in file Task5.s
   Uses
      At line 12 in file Task5.s
Comment: __main used once
lbegin 00000012

Symbol: lbegin
   Definitions
      At line 29 in file Task5.s
   Uses
      At line 39 in file Task5.s
Comment: lbegin used once
lend 00000028

Symbol: lend
   Definitions
      At line 41 in file Task5.s
   Uses
      At line 31 in file Task5.s
Comment: lend used once
mbegin 0000002E

Symbol: mbegin



ARM Macro Assembler    Page 2 Alphabetic symbol ordering
Relocatable symbols

   Definitions
      At line 49 in file Task5.s
   Uses
      At line 36 in file Task5.s
Comment: mbegin used once
mend 0000002C

Symbol: mend
   Definitions
      At line 44 in file Task5.s
   Uses
      At line 51 in file Task5.s
Comment: mend used once
9 symbols
345 symbols in table
